# JRE version: OpenJDK Runtime Environment (21.0.3) (build 21.0.3+-12282718-b509.11)
# Java VM: OpenJDK 64-Bit Server VM (21.0.3+-12282718-b509.11, mixed mode, tiered, compressed oops, compressed class ptrs, g1 gc, windows-amd64)
GC Precious Log:
 CardTable entry size: 512
 Card Set container configuration: InlinePtr #cards 5 size 8 Array Of Cards #cards 12 size 40 Howl #buckets 4 coarsen threshold 1843 Howl Bitmap #cards 512 size 80 coarsen threshold 460 Card regions per heap region 1 cards per card region 2048
 CPUs: 4 total, 4 available
 Memory: 3960M
 Large Page Support: Disabled
 NUMA Support: Disabled
 Compressed Oops: Enabled (32-bit)
 Heap Region Size: 1M
 Heap Min Capacity: 8M
 Heap Initial Capacity: 62M
 Heap Max Capacity: 2G
 Pre-touch: Disabled
 Parallel Workers: 4
 Concurrent Workers: 1
 Concurrent Refinement Workers: 4
 Periodic GC: Disabled
Heap:
 garbage-first heap   total 101376K, used 87280K [0x0000000080000000, 0x0000000100000000)
  region size 1024K, 33 young (33792K), 2 survivors (2048K)
 Metaspace       used 55535K, committed 56960K, reserved 1114112K
  class space    used 7631K, committed 8320K, reserved 1048576K
GC Heap History (20 events):
Event: 11.694 GC heap before
{Heap before GC invocations=7 (full 0):
 garbage-first heap   total 63488K, used 49461K [0x0000000080000000, 0x0000000100000000)
  region size 1024K, 31 young (31744K), 4 survivors (4096K)
 Metaspace       used 30107K, committed 30784K, reserved 1114112K
  class space    used 3894K, committed 4224K, reserved 1048576K
}
Event: 11.703 GC heap after
{Heap after GC invocations=8 (full 0):
 garbage-first heap   total 63488K, used 24231K [0x0000000080000000, 0x0000000100000000)
  region size 1024K, 4 young (4096K), 4 survivors (4096K)
 Metaspace       used 30107K, committed 30784K, reserved 1114112K
  class space    used 3894K, committed 4224K, reserved 1048576K
}
Event: 13.167 GC heap before
{Heap before GC invocations=8 (full 0):
 garbage-first heap   total 63488K, used 51879K [0x0000000080000000, 0x0000000100000000)
  region size 1024K, 31 young (31744K), 4 survivors (4096K)
 Metaspace       used 34044K, committed 34816K, reserved 1114112K
  class space    used 4566K, committed 4928K, reserved 1048576K
}
Event: 13.181 GC heap after
{Heap after GC invocations=9 (full 0):
 garbage-first heap   total 63488K, used 26317K [0x0000000080000000, 0x0000000100000000)
  region size 1024K, 4 young (4096K), 4 survivors (4096K)
 Metaspace       used 34044K, committed 34816K, reserved 1114112K
  class space    used 4566K, committed 4928K, reserved 1048576K
}
Event: 13.879 GC heap before
{Heap before GC invocations=9 (full 0):
 garbage-first heap   total 63488K, used 36557K [0x0000000080000000, 0x0000000100000000)
  region size 1024K, 10 young (10240K), 4 survivors (4096K)
 Metaspace       used 34728K, committed 35520K, reserved 1114112K
  class space    used 4684K, committed 5056K, reserved 1048576K
}
Event: 13.888 GC heap after
{Heap after GC invocations=10 (full 0):
 garbage-first heap   total 63488K, used 34582K [0x0000000080000000, 0x0000000100000000)
  region size 1024K, 4 young (4096K), 4 survivors (4096K)
 Metaspace       used 34728K, committed 35520K, reserved 1114112K
  class space    used 4684K, committed 5056K, reserved 1048576K
}
Event: 15.319 GC heap before
{Heap before GC invocations=11 (full 0):
 garbage-first heap   total 65536K, used 61206K [0x0000000080000000, 0x0000000100000000)
  region size 1024K, 24 young (24576K), 4 survivors (4096K)
 Metaspace       used 37059K, committed 37952K, reserved 1114112K
  class space    used 5031K, committed 5440K, reserved 1048576K
}
Event: 15.328 GC heap after
{Heap after GC invocations=12 (full 0):
 garbage-first heap   total 68608K, used 43808K [0x0000000080000000, 0x0000000100000000)
  region size 1024K, 3 young (3072K), 3 survivors (3072K)
 Metaspace       used 37059K, committed 37952K, reserved 1114112K
  class space    used 5031K, committed 5440K, reserved 1048576K
}
Event: 15.922 GC heap before
{Heap before GC invocations=12 (full 0):
 garbage-first heap   total 68608K, used 61216K [0x0000000080000000, 0x0000000100000000)
  region size 1024K, 20 young (20480K), 3 survivors (3072K)
 Metaspace       used 38970K, committed 39936K, reserved 1114112K
  class space    used 5365K, committed 5824K, reserved 1048576K
}
Event: 15.929 GC heap after
{Heap after GC invocations=13 (full 0):
 garbage-first heap   total 68608K, used 44528K [0x0000000080000000, 0x0000000100000000)
  region size 1024K, 1 young (1024K), 1 survivors (1024K)
 Metaspace       used 38970K, committed 39936K, reserved 1114112K
  class space    used 5365K, committed 5824K, reserved 1048576K
}
Event: 16.810 GC heap before
{Heap before GC invocations=13 (full 0):
 garbage-first heap   total 68608K, used 61936K [0x0000000080000000, 0x0000000100000000)
  region size 1024K, 18 young (18432K), 1 survivors (1024K)
 Metaspace       used 40966K, committed 42176K, reserved 1114112K
  class space    used 5711K, committed 6272K, reserved 1048576K
}
Event: 16.815 GC heap after
{Heap after GC invocations=14 (full 0):
 garbage-first heap   total 68608K, used 45434K [0x0000000080000000, 0x0000000100000000)
  region size 1024K, 2 young (2048K), 2 survivors (2048K)
 Metaspace       used 40966K, committed 42176K, reserved 1114112K
  class space    used 5711K, committed 6272K, reserved 1048576K
}
Event: 17.805 GC heap before
{Heap before GC invocations=15 (full 0):
 garbage-first heap   total 81920K, used 60794K [0x0000000080000000, 0x0000000100000000)
  region size 1024K, 18 young (18432K), 2 survivors (2048K)
 Metaspace       used 43645K, committed 44928K, reserved 1114112K
  class space    used 6151K, committed 6784K, reserved 1048576K
}
Event: 17.811 GC heap after
{Heap after GC invocations=16 (full 0):
 garbage-first heap   total 81920K, used 46542K [0x0000000080000000, 0x0000000100000000)
  region size 1024K, 2 young (2048K), 2 survivors (2048K)
 Metaspace       used 43645K, committed 44928K, reserved 1114112K
  class space    used 6151K, committed 6784K, reserved 1048576K
}
Event: 19.205 GC heap before
{Heap before GC invocations=16 (full 0):
 garbage-first heap   total 81920K, used 71118K [0x0000000080000000, 0x0000000100000000)
  region size 1024K, 27 young (27648K), 2 survivors (2048K)
 Metaspace       used 48869K, committed 50112K, reserved 1114112K
  class space    used 6664K, committed 7296K, reserved 1048576K
}
Event: 19.215 GC heap after
{Heap after GC invocations=17 (full 0):
 garbage-first heap   total 81920K, used 49624K [0x0000000080000000, 0x0000000100000000)
  region size 1024K, 4 young (4096K), 4 survivors (4096K)
 Metaspace       used 48869K, committed 50112K, reserved 1114112K
  class space    used 6664K, committed 7296K, reserved 1048576K
}
Event: 19.656 GC heap before
{Heap before GC invocations=17 (full 0):
 garbage-first heap   total 81920K, used 71128K [0x0000000080000000, 0x0000000100000000)
  region size 1024K, 26 young (26624K), 4 survivors (4096K)
 Metaspace       used 49385K, committed 50624K, reserved 1114112K
  class space    used 6718K, committed 7360K, reserved 1048576K
}
Event: 19.667 GC heap after
{Heap after GC invocations=18 (full 0):
 garbage-first heap   total 81920K, used 53283K [0x0000000080000000, 0x0000000100000000)
  region size 1024K, 4 young (4096K), 4 survivors (4096K)
 Metaspace       used 49385K, committed 50624K, reserved 1114112K
  class space    used 6718K, committed 7360K, reserved 1048576K
}
Event: 20.570 GC heap before
{Heap before GC invocations=19 (full 0):
 garbage-first heap   total 101376K, used 75811K [0x0000000080000000, 0x0000000100000000)
  region size 1024K, 21 young (21504K), 4 survivors (4096K)
 Metaspace       used 52203K, committed 53568K, reserved 1114112K
  class space    used 7058K, committed 7744K, reserved 1048576K
}
Event: 20.577 GC heap after
{Heap after GC invocations=20 (full 0):
 garbage-first heap   total 101376K, used 54512K [0x0000000080000000, 0x0000000100000000)
  region size 1024K, 2 young (2048K), 2 survivors (2048K)
 Metaspace       used 52203K, committed 53568K, reserved 1114112K
  class space    used 7058K, committed 7744K, reserved 1048576K
}

